videolibrary/build/intermediates/manifest_merge_blame_file/debug/manifest-merger-blame-debug-report.txt
1<?xml version="1.0" encoding="utf-8"?>
2<manifest xmlns:android="http://schemas.android.com/apk/res/android"
3    package="com.example.mylibrary"
4    android:versionCode="1"
5    android:versionName="1.0" >
6
7    <uses-sdk
8        android:minSdkVersion="21"
8-->src/main/AndroidManifest.xml
9        android:targetSdkVersion="26" />
9-->src/main/AndroidManifest.xml
10
11    <application
11-->src/main/AndroidManifest.xml:3:5-10:19
12        android:allowBackup="true"
12-->src/main/AndroidManifest.xml:4:9-35
13        android:label="@string/app_name"
13-->src/main/AndroidManifest.xml:5:9-41
14        android:supportsRtl="true"
14-->src/main/AndroidManifest.xml:6:9-35
15        android:theme="@style/Theme.AppCompat.NoActionBar" >
15-->src/main/AndroidManifest.xml:7:9-59
16        <activity android:name="com.example.mylibrary.selectvideo.SelectVideoActivity" />
16-->src/main/AndroidManifest.xml:8:9-90
16-->src/main/AndroidManifest.xml:8:19-87
17        <activity android:name="com.example.mylibrary.selectvideo.VideoPlayActivity" />
17-->src/main/AndroidManifest.xml:9:9-88
17-->src/main/AndroidManifest.xml:9:19-85
18    </application>
19
20</manifest>